gmake[2]: *** No rule to make target 'CMakeFiles/test1.dir/build'.  Stop.
gmake[1]: *** [CMakeFiles/Makefile2:193: CMakeFiles/test1.dir/all] Error 2
gmake: *** [Makefile:146: all] Error 2
