[35m[1mConsolidate compiler generated dependencies of target mapping_node[0m
[35m[1mConsolidate compiler generated dependencies of target pointcloud_saver[0m
[ 25%] [32mBuilding CXX object CMakeFiles/mapping_node.dir/src/mapping_node.cpp.o[0m
[ 50%] [32mBuilding CXX object CMakeFiles/pointcloud_saver.dir/src/pointcloud_saver.cpp.o[0m
[ 75%] [32m[1mLinking CXX executable pointcloud_saver[0m
[100%] [32m[1mLinking CXX executable mapping_node[0m
[100%] Built target mapping_node
[100%] Built target pointcloud_saver
gmake[2]: *** No rule to make target 'CMakeFiles/test1.dir/build'.  Stop.
gmake[1]: *** [CMakeFiles/Makefile2:193: CMakeFiles/test1.dir/all] Error 2
gmake: *** [Makefile:146: all] Error 2
