[0.018s] Invoking command in '/home/pranav/the_mapper/build/ekf_fusion': CMAKE_PREFIX_PATH=${CMAKE_PREFIX_PATH}:/home/pranav/ws/install/mypkg:/home/pranav/learning_ws/install/mypkg:/opt/ros/humble /usr/bin/cmake --build /home/pranav/the_mapper/build/ekf_fusion -- -j4 -l4
[0.054s] -- Found ament_cmake: 1.3.10 (/opt/ros/humble/share/ament_cmake/cmake)
[0.198s] -- Found rclcpp: 16.0.10 (/opt/ros/humble/share/rclcpp/cmake)
[0.224s] -- Found rosidl_generator_c: 3.1.5 (/opt/ros/humble/share/rosidl_generator_c/cmake)
[0.227s] -- Found rosidl_adapter: 3.1.5 (/opt/ros/humble/share/rosidl_adapter/cmake)
[0.236s] -- Found rosidl_generator_cpp: 3.1.5 (/opt/ros/humble/share/rosidl_generator_cpp/cmake)
[0.246s] -- Using all available rosidl_typesupport_c: rosidl_typesupport_fastrtps_c;rosidl_typesupport_introspection_c
[0.256s] -- Using all available rosidl_typesupport_cpp: rosidl_typesupport_fastrtps_cpp;rosidl_typesupport_introspection_cpp
[0.284s] -- Found rmw_implementation_cmake: 6.1.2 (/opt/ros/humble/share/rmw_implementation_cmake/cmake)
[0.287s] -- Found rmw_cyclonedds_cpp: 1.3.4 (/opt/ros/humble/share/rmw_cyclonedds_cpp/cmake)
[0.300s] -- Using RMW implementation 'rmw_cyclonedds_cpp' as default
[0.348s] -- Found sensor_msgs: 4.2.4 (/opt/ros/humble/share/sensor_msgs/cmake)
[0.373s] -- Found nav_msgs: 4.2.4 (/opt/ros/humble/share/nav_msgs/cmake)
[0.388s] -- Found ament_lint_auto: 0.12.11 (/opt/ros/humble/share/ament_lint_auto/cmake)
[0.462s] -- Added test 'copyright' to check source files copyright and LICENSE
[0.463s] -- Added test 'cppcheck' to perform static code analysis on C / C++ code
[0.463s] -- Configured cppcheck include dirs: 
[0.464s] -- Configured cppcheck exclude dirs and/or files: 
[0.464s] -- Added test 'lint_cmake' to check CMake code style
[0.465s] -- Added test 'uncrustify' to check C / C++ code style
[0.465s] -- Configured uncrustify additional arguments: 
[0.466s] -- Added test 'xmllint' to check XML markup files
[0.466s] -- Configuring done
[0.478s] -- Generating done
[0.481s] -- Build files have been written to: /home/pranav/the_mapper/build/ekf_fusion
[0.526s] [ 50%] [32mBuilding CXX object CMakeFiles/ekf_node.dir/src/ekf_node.cpp.o[0m
[3.511s] [01m[K/home/pranav/the_mapper/src/ekf_fusion/src/ekf_node.cpp:[m[K In member function â€˜[01m[Kvoid EKFNode::lidarCallback(sensor_msgs::msg::LaserScan_<std::allocator<void> >::SharedPtr)[m[Kâ€™:
[3.511s] [01m[K/home/pranav/the_mapper/src/ekf_fusion/src/ekf_node.cpp:42:26:[m[K [01;31m[Kerror: [m[Kexpected primary-expression before â€˜[01m[K...[m[Kâ€™ token
[3.511s]    42 |         double lidar_x = [01;31m[K...[m[K;  // Extract from LiDAR processing
[3.511s]       |                          [01;31m[K^~~[m[K
[3.511s] [01m[K/home/pranav/the_mapper/src/ekf_fusion/src/ekf_node.cpp:43:26:[m[K [01;31m[Kerror: [m[Kexpected primary-expression before â€˜[01m[K...[m[Kâ€™ token
[3.511s]    43 |         double lidar_y = [01;31m[K...[m[K;  // Extract from LiDAR processing
[3.511s]       |                          [01;31m[K^~~[m[K
[3.523s] [01m[K/home/pranav/the_mapper/src/ekf_fusion/src/ekf_node.cpp:40:69:[m[K [01;35m[Kwarning: [m[Kunused parameter â€˜[01m[Kmsg[m[Kâ€™ [[01;35m[K]8;;https://gcc.gnu.org/onlinedocs/gcc/Warning-Options.html#index-Wunused-parameter-Wunused-parameter]8;;[m[K]
[3.523s]    40 |     void lidarCallback([01;35m[Kconst sensor_msgs::msg::LaserScan::SharedPtr msg[m[K) {
[3.523s]       |                        [01;35m[K~~~~~~~~~~~~~~~~~~~~~~~~~~~~~~~~~~~~~~~~~~~~~^~~[m[K
[3.578s] [01m[K/home/pranav/the_mapper/src/ekf_fusion/src/ekf_node.cpp:[m[K In member function â€˜[01m[Kvoid EKFNode::predict(double, double, double, double)[m[Kâ€™:
[3.578s] [01m[K/home/pranav/the_mapper/src/ekf_fusion/src/ekf_node.cpp:50:16:[m[K [01;35m[Kwarning: [m[Kunused variable â€˜[01m[Kyaw[m[Kâ€™ [[01;35m[K]8;;https://gcc.gnu.org/onlinedocs/gcc/Warning-Options.html#index-Wunused-variable-Wunused-variable]8;;[m[K]
[3.579s]    50 |         double [01;35m[Kyaw[m[K = state_(4);
[3.579s]       |                [01;35m[K^~~[m[K
[10.321s] gmake[2]: *** [CMakeFiles/ekf_node.dir/build.make:76: CMakeFiles/ekf_node.dir/src/ekf_node.cpp.o] Error 1
[10.322s] gmake[1]: *** [CMakeFiles/Makefile2:137: CMakeFiles/ekf_node.dir/all] Error 2
[10.322s] gmake: *** [Makefile:146: all] Error 2
[10.325s] Invoked command in '/home/pranav/the_mapper/build/ekf_fusion' returned '2': CMAKE_PREFIX_PATH=${CMAKE_PREFIX_PATH}:/home/pranav/ws/install/mypkg:/home/pranav/learning_ws/install/mypkg:/opt/ros/humble /usr/bin/cmake --build /home/pranav/the_mapper/build/ekf_fusion -- -j4 -l4
